Qflow DRC logfile created on Tue Dec 16 14:49:12 KST 2025
magic -dnull -noconsole  /home/dayesong/ETRI-0.5um-CMOS-MPW-Std-Cell-DK/lab8/layout/run_drc_accumulator_4bit.tcl

Magic 8.3 revision 576 - Compiled on Wed Nov 12 14:36:14 KST 2025.
Starting magic under Tcl interpreter
Using the terminal as the console.
WARNING: RLIMIT_NOFILE is above 1024 and Tcl_Version<9 this may cause runtime issues [rlim_cur=10240]
Using NULL graphics device.
Processing system .magicrc file
Input style lambda=0.30(p): scaleFactor=30, multiplier=1
Contact size value ignored (using GDS generation rules).
Contact size value ignored (using GDS generation rules).
Contact size value ignored (using GDS generation rules).
Contact size value ignored (using GDS generation rules).
Contact size value ignored (using GDS generation rules).
Contact size value ignored (using GDS generation rules).
The following types are not handled by extraction and will be treated as non-electrical types:
    n_field_implant p_field_implant nselect pselect glass filln filla fillb xp m1p m2p m3p comment bb 
Switching to WIRING tool.
Switching to NETLIST tool.
Switching to PICK tool.
Switching to BOX tool.
Input style lambda=0.30(p): scaleFactor=30, multiplier=1
Contact size value ignored (using GDS generation rules).
Contact size value ignored (using GDS generation rules).
Contact size value ignored (using GDS generation rules).
Contact size value ignored (using GDS generation rules).
Contact size value ignored (using GDS generation rules).
Contact size value ignored (using GDS generation rules).
The following types are not handled by extraction and will be treated as non-electrical types:
    n_field_implant p_field_implant nselect pselect glass filln filla fillb xp m1p m2p m3p comment bb 
2 Magic internal units = 1 Lambda
Loading "/home/dayesong/ETRI-0.5um-CMOS-MPW-Std-Cell-DK/lab8/layout/run_drc_accumulator_4bit.tcl" from command line.
Reading LEF data from file /usr/local/share/qflow/tech/etri050/etri050_stdcells.lef.
This action cannot be undone.
LEF read: Processed 3266 lines.
Cell accumulator_4bit read from current working directory
Processing timestamp mismatches.
Timestamp mismatches found in these cells: NOR2X1, INVX1, OR2X2, NAND2X1, OAI21X1, AOI21X1, DFFPOSX1, BUFX2, FILL.
drc = 0
DRC checking script ended on Tue Dec 16 14:49:12 KST 2025
