Qflow migration logfile created on Tue Dec 16 14:49:11 KST 2025
magic -dnull -noconsole  migrate_accumulator_4bit.tcl

Magic 8.3 revision 576 - Compiled on Wed Nov 12 14:36:14 KST 2025.
Starting magic under Tcl interpreter
Using the terminal as the console.
WARNING: RLIMIT_NOFILE is above 1024 and Tcl_Version<9 this may cause runtime issues [rlim_cur=10240]
Using NULL graphics device.
Processing system .magicrc file
Input style lambda=0.30(p): scaleFactor=30, multiplier=1
Contact size value ignored (using GDS generation rules).
Contact size value ignored (using GDS generation rules).
Contact size value ignored (using GDS generation rules).
Contact size value ignored (using GDS generation rules).
Contact size value ignored (using GDS generation rules).
Contact size value ignored (using GDS generation rules).
The following types are not handled by extraction and will be treated as non-electrical types:
    n_field_implant p_field_implant nselect pselect glass filln filla fillb xp m1p m2p m3p comment bb 
Switching to WIRING tool.
Switching to NETLIST tool.
Switching to PICK tool.
Switching to BOX tool.
Input style lambda=0.30(p): scaleFactor=30, multiplier=1
Contact size value ignored (using GDS generation rules).
Contact size value ignored (using GDS generation rules).
Contact size value ignored (using GDS generation rules).
Contact size value ignored (using GDS generation rules).
Contact size value ignored (using GDS generation rules).
Contact size value ignored (using GDS generation rules).
The following types are not handled by extraction and will be treated as non-electrical types:
    n_field_implant p_field_implant nselect pselect glass filln filla fillb xp m1p m2p m3p comment bb 
2 Magic internal units = 1 Lambda
Loading "migrate_accumulator_4bit.tcl" from command line.
Root cell box:
           width x height  (   llx,  lly  ), (   urx,  ury  )

microns:   0.000 x 0.000   ( 0.000,  0.000), ( 0.000,  0.000)
lambda:     0.00 x 0.00    (  0.00,  0.00 ), (  0.00,  0.00 )
internal:      0 x 0       (     0,  0    ), (     0,  0    )
Reading LEF data from file /usr/local/share/qflow/tech/etri050/etri050_stdcells.lef.
This action cannot be undone.
LEF read: Processed 3266 lines.
Reading DEF data from file accumulator_4bit.def.
This action cannot be undone.
DEF read, Line 13 (Error): END statement out of context.
  Processed 36 subcell instances total.
  Processed 12 pins total.
  Processed 39 nets total.
  Processed 2 special nets total.
DEF read: Processed 425 lines.
DEF Read: encountered 1 error total.
Generating LEF output accumulator_4bit.lef for cell accumulator_4bit:
Diagnostic:  Write LEF header for cell accumulator_4bit
Diagnostic:  Writing LEF output for cell accumulator_4bit
Diagnostic:  Scale value is 0.150000
Extracting DFFPOSX1 into DFFPOSX1.ext:
Extracting AOI21X1 into AOI21X1.ext:
Extracting NAND2X1 into NAND2X1.ext:
Extracting OR2X2 into OR2X2.ext:
Extracting INVX1 into INVX1.ext:
Extracting NOR2X1 into NOR2X1.ext:
Extracting OAI21X1 into OAI21X1.ext:
Extracting BUFX2 into BUFX2.ext:
Extracting FILL into FILL.ext:
Extracting accumulator_4bit into accumulator_4bit.ext:
exttospice finished.
Migration script ended on Tue Dec 16 14:49:11 KST 2025
