Qflow placement logfile created on Tue Dec 16 14:48:49 KST 2025
Running vlog2Cel to generate input files for graywolf
vlog2Cel  -l  /usr/local/share/qflow/tech/etri050/etri050_stdcells.lef -u 100 -o /home/dayesong/ETRI-0.5um-CMOS-MPW-Std-Cell-DK/lab8/layout/accumulator_4bit.cel /home/dayesong/ETRI-0.5um-CMOS-MPW-Std-Cell-DK/lab8/synthesis/accumulator_4bit.rtlnopwr.v
No accumulator_4bit.cel1 file found for project. . . no partial blockages to apply to layout.
Preparing pin placement hints from accumulator_4bit.cel2
Running GrayWolf placement
graywolf  accumulator_4bit

twflow version:2.1 date:Mon May 25 21:15:08 EDT 1992
Authors: Bill Swartz, Carl Sechen
         Yale University

syntax version:v1.1 date:Mon May 25 21:11:10 EDT 1992
TimberWolf System Syntax Checker
Authors: Carl Sechen, Kai-Win Lee, Bill Swartz,
         Dahe Chen, and Jimmy Lam
         Yale University

No syntax errors were found

syntax terminated normally with no errors and 0 warning[s]


----------------------------
Total stdcells     :33
Total cell width   :5.07e+04
Total cell height  :1.19e+05
Total cell area    :1.83e+08
Total core area    :1.83e+08
Average cell height:3.60e+03


nocut - replacement for Mincut version:v1.0 date:Mon May 25 21:09:40 EDT 1992
TimberWolf System Floorplan Setup Program
Authors: Carl Sechen, Bill Swartz,
         Yale University

Splitting accumulator_4bit.cel into accumulator_4bit.scel and accumulator_4bit.mcel...
	done!


nocut - replacement for Mincut terminated normally with no errors and 0 warning[s]


TimberWolfMC version:v2.2 date:Mon May 25 21:18:34 EDT 1992
Authors: Carl Sechen, Bill Swartz, Kai-Win Lee
         Dahe Chen, and Jimmy Lam
         Yale University

config version:v1.0 date:Mon May 25 20:57:18 EDT 1992
Row configuration program
    Yale University


config switches:
	Graphics mode on
	config will inherit window



config terminated normally with no errors and 0 warning[s]


TimberWolfMC terminated normally with no errors and 0 warning[s]



TimberWolfSC switches:
	Graphics mode on
	TimberWolfSC will inherit window

TimberWolfSC version:v6.0 date:Mon May 25 21:19:07 EDT 1992
Row-Based Placement and Global Routing Program
Authors: Carl Sechen, Kai-Win Lee, and Bill Swartz,
         Yale University
  0 
  1   2   3   4   5   6   7   8   9  10  11  12  13  14  15 
 16  17  18  19  20  21  22  23  24  25  26  27  28  29  30 
 31  32  33  34  35  36  37  38  39  40  41  42  43  44  45 
 46  47  48  49  50  51  52  53  54  55  56  57  58  59  60 
 61  62  63  64  65  66  67  68  69  70  71  72  73  74  75 
 76  77  78  79  80  81  82  83  84  85  86  87  88  89  90 
 91  92  93  94  95  96  97  98  99 100 101 102 103 104 105 
106 107 108 109 110 111 112 113 114 115 116 117 118 119 120 
121 122 123 124 125 126 127 128 129 130 131 132 133 134 135 
136 137 138 139 140 141 142 143 144 145 146 147 148 149 150 
151 152 153 
 block left edge is at -299
 the longest block length is 14100
 building the steiner trees
 rebuilding the steiner tree

----start doing coarse global routing ------ 
 ITERATION  1

  longest Row is:1   Its length is:12900
 doing feed-through pins assignment
 building the net-tree now !
 set up the global routing grids
 the starting value of tracks =   23
 removing redundant feed-through pins
 the connectivity of all the nets is verified

 block left edge is at -299
 the longest block length is 14100
 building the steiner trees
 rebuilding the steiner tree

----start doing coarse global routing ------ 
 ITERATION  1

  longest Row is:1   Its length is:12900
 doing feed-through pins assignment
 building the net-tree now !
 set up the global routing grids
 the starting value of tracks =   23
 removing redundant feed-through pins
 the connectivity of all the nets is verified

 block left edge is at -299
 the longest block length is 14100
 building the steiner trees
 rebuilding the steiner tree

----start doing coarse global routing ------ 
 ITERATION  1

  longest Row is:1   Its length is:12900
 doing feed-through pins assignment
 building the net-tree now !
 set up the global routing grids
 the starting value of tracks =   22
 removing redundant feed-through pins
 the connectivity of all the nets is verified

 block left edge is at -299
 the longest block length is 14100
 building the steiner trees
 rebuilding the steiner tree

----start doing coarse global routing ------ 
 ITERATION  1

  longest Row is:1   Its length is:12900
 doing feed-through pins assignment
 building the net-tree now !
 set up the global routing grids
 the starting value of tracks =   22
 removing redundant feed-through pins
 the connectivity of all the nets is verified

 block left edge is at -299
 the longest block length is 14100
 building the steiner trees
 rebuilding the steiner tree

----start doing coarse global routing ------ 
 ITERATION  1

  longest Row is:1   Its length is:12900
 doing feed-through pins assignment
 building the net-tree now !
 set up the global routing grids
 the starting value of tracks =   21
 removing redundant feed-through pins
 the connectivity of all the nets is verified

 block left edge is at -299
 the longest block length is 14100
 building the steiner trees
 rebuilding the steiner tree

----start doing coarse global routing ------ 
 ITERATION  1

  longest Row is:1   Its length is:12900
 doing feed-through pins assignment
 building the net-tree now !
 set up the global routing grids
 the starting value of tracks =   24
 removing redundant feed-through pins
 the connectivity of all the nets is verified

 block left edge is at -299
 the longest block length is 14100
 building the steiner trees
 rebuilding the steiner tree

----start doing coarse global routing ------ 
 ITERATION  1

  longest Row is:1   Its length is:12900
 doing feed-through pins assignment
 building the net-tree now !
 set up the global routing grids
 the starting value of tracks =   25
 removing redundant feed-through pins
 the connectivity of all the nets is verified

 block left edge is at -299
 the longest block length is 14100
 building the steiner trees
 rebuilding the steiner tree

----start doing coarse global routing ------ 
 ITERATION  1

  longest Row is:1   Its length is:12900
 doing feed-through pins assignment
 building the net-tree now !
 set up the global routing grids
 the starting value of tracks =   23
 removing redundant feed-through pins
 the connectivity of all the nets is verified


***********************************************
*ACTUAL* FINAL NUMBER OF ROUTING TRACKS: 20
***********************************************


TimberWolfSC terminated normally with no errors and 0 warning[s]


twflow terminated normally with no errors and 0 warning[s]

Running getantennacell to determine cell to use for antenna anchors.
getantennacell.tcl accumulator_4bit  /usr/local/share/qflow/tech/etri050/etri050_stdcells.lef 
Running getfillcell to determine cell to use for fill.
getfillcell.tcl accumulator_4bit  /usr/local/share/qflow/tech/etri050/etri050_stdcells.lef FILL
Using cell FILL for fill
Running place2def to translate graywolf output to DEF format.
place2def.tcl accumulator_4bit FILL 
Running place2def.tcl
DEF database: 100 units per micron
Limits: xbot = -802.0 ybot = -300 xtop = 13402.0 ytop = 14100
Core values: 150 150 13050 14550
Offsets: 150 150
3 routing layers
49 horizontal tracks from 0.0 to 14700.0 step 300 (M1, M3, ...)
48 vertical tracks from -600.0 to 13800.0 step 300 (M2, M4, ...)
Summary: Total components = 33
  Fill cells  = 0
  Other cells = 33
Done with place2def.tcl
Running addspacers to generate power stripes and align cell right edge
addspacers -stripe 8 225 PG -stripe 8.0 225.0 PG -p vdd -g gnd -f FILL -O -stripe 8.0 225.0 PG  -l  /usr/local/share/qflow/tech/etri050/etri050_stdcells.lef -o accumulator_4bit_filled.def accumulator_4bit
Warning:  Stretching requested, but not applicable.
Stripe width requested = 8, stripe width used = 9
Will not generate over-cell power stripes due to lack of route layers
Generating comb structures instead.
Initial core layout: (150 150) to (13050 14550) (scale um * 100)
Stripe pitch reduced from 225 to 225 to fit in layout
Running arrangepins to adjust pin positions for optimal routing.
arrangepins.tcl  accumulator_4bit
Reading info file accumulator_4bit.info. . .
Reading DEF file accumulator_4bit.def. . .
Recalculating pin positions
Writing DEF file accumulator_4bit_mod.def. . .
Done with arrangepins.tcl
DEF2Verilog -v /home/dayesong/ETRI-0.5um-CMOS-MPW-Std-Cell-DK/lab8/synthesis/accumulator_4bit.rtlnopwr.v -o /home/dayesong/ETRI-0.5um-CMOS-MPW-Std-Cell-DK/lab8/synthesis/accumulator_4bit_anno.v
-p vdd -g gnd  -l  /usr/local/share/qflow/tech/etri050/etri050_stdcells.lef accumulator_4bit.def

Generating RTL verilog and SPICE netlist file in directory
   /home/dayesong/ETRI-0.5um-CMOS-MPW-Std-Cell-DK/lab8/synthesis
Files:
   Verilog: /home/dayesong/ETRI-0.5um-CMOS-MPW-Std-Cell-DK/lab8/synthesis/accumulator_4bit.rtl.v
   Verilog: /home/dayesong/ETRI-0.5um-CMOS-MPW-Std-Cell-DK/lab8/synthesis/accumulator_4bit.rtlnopwr.v
   Verilog: /home/dayesong/ETRI-0.5um-CMOS-MPW-Std-Cell-DK/lab8/synthesis/accumulator_4bit.rtlbb.v
   Spice:   /home/dayesong/ETRI-0.5um-CMOS-MPW-Std-Cell-DK/lab8/synthesis/accumulator_4bit.spc

Running vlog2Verilog.
vlog2Verilog -c -v vdd -g gnd -o accumulator_4bit.rtl.v accumulator_4bit_anno.v
vlog2Verilog -c -p -v vdd -g gnd -o accumulator_4bit.rtlnopwr.v accumulator_4bit_anno.v
vlog2Verilog -c -b -p -n -v vdd -g gnd -o accumulator_4bit.rtlbb.v accumulator_4bit_anno.v
Running vlog2Spice.
vlog2Spice -i -l  /usr/local/share/qflow/tech/etri050/etri050_stdcells.sp -o accumulator_4bit.spc accumulator_4bit.rtl.v
Warning:  No SPICE subcircuit for FILL.  Pin order will be arbitrary.
Placement script ended on Tue Dec 16 14:48:52 KST 2025
