Qflow synthesis logfile created on Tue Dec 16 14:48:48 KST 2025
Running yosys for verilog parsing and synthesis
yosys  -s accumulator_4bit.ys

 /----------------------------------------------------------------------------\
 |  yosys -- Yosys Open SYnthesis Suite                                       |
 |  Copyright (C) 2012 - 2025  Claire Xenia Wolf <claire@yosyshq.com>         |
 |  Distributed under an ISC-like license, type "license" to see terms        |
 \----------------------------------------------------------------------------/
 Yosys 0.59+9 (git sha1 5f76729cb, clang++ 14.0.0-1ubuntu1.1 -fPIC -O3)

-- Executing script file `accumulator_4bit.ys' --

1. Executing Liberty frontend: /usr/local/share/qflow/tech/etri050/etri05_stdcells.lib
Imported 39 cell types from liberty file.

2. Executing Verilog-2005 frontend: /home/dayesong/ETRI-0.5um-CMOS-MPW-Std-Cell-DK/lab8/source/Accumulator_4bit.v
Parsing Verilog input from `/home/dayesong/ETRI-0.5um-CMOS-MPW-Std-Cell-DK/lab8/source/Accumulator_4bit.v' to AST representation.
verilog frontend filename /home/dayesong/ETRI-0.5um-CMOS-MPW-Std-Cell-DK/lab8/source/Accumulator_4bit.v
Generating RTLIL representation for module `\accumulator_4bit'.
Successfully finished Verilog frontend.

3. Executing SYNTH pass.

3.1. Executing HIERARCHY pass (managing design hierarchy).

3.1.1. Analyzing design hierarchy..
Top module:  \accumulator_4bit

3.1.2. Analyzing design hierarchy..
Top module:  \accumulator_4bit
Removed 0 unused modules.

3.2. Executing PROC pass (convert processes to netlists).

3.2.1. Executing PROC_CLEAN pass (remove empty switches from decision trees).
Cleaned up 0 empty switches.

3.2.2. Executing PROC_RMDEAD pass (remove dead branches from decision trees).
Marked 1 switch rules as full_case in process $proc$/home/dayesong/ETRI-0.5um-CMOS-MPW-Std-Cell-DK/lab8/source/Accumulator_4bit.v:7$1 in module accumulator_4bit.
Removed a total of 0 dead cases.

3.2.3. Executing PROC_PRUNE pass (remove redundant assignments in processes).
Removed 1 redundant assignment.
Promoted 0 assignments to connections.

3.2.4. Executing PROC_INIT pass (extract init attributes).

3.2.5. Executing PROC_ARST pass (detect async resets in processes).

3.2.6. Executing PROC_ROM pass (convert switches to ROMs).
Converted 0 switches.
<suppressed ~1 debug messages>

3.2.7. Executing PROC_MUX pass (convert decision trees to multiplexers).
Creating decoders for process `\accumulator_4bit.$proc$/home/dayesong/ETRI-0.5um-CMOS-MPW-Std-Cell-DK/lab8/source/Accumulator_4bit.v:7$1'.
     1/1: $0\out[3:0]

3.2.8. Executing PROC_DLATCH pass (convert process syncs to latches).

3.2.9. Executing PROC_DFF pass (convert process syncs to FFs).
Creating register for signal `\accumulator_4bit.\out' using process `\accumulator_4bit.$proc$/home/dayesong/ETRI-0.5um-CMOS-MPW-Std-Cell-DK/lab8/source/Accumulator_4bit.v:7$1'.
  created $dff cell `$procdff$7' with positive edge clock.

3.2.10. Executing PROC_MEMWR pass (convert process memory writes to cells).

3.2.11. Executing PROC_CLEAN pass (remove empty switches from decision trees).
Found and cleaned up 1 empty switch in `\accumulator_4bit.$proc$/home/dayesong/ETRI-0.5um-CMOS-MPW-Std-Cell-DK/lab8/source/Accumulator_4bit.v:7$1'.
Removing empty process `accumulator_4bit.$proc$/home/dayesong/ETRI-0.5um-CMOS-MPW-Std-Cell-DK/lab8/source/Accumulator_4bit.v:7$1'.
Cleaned up 1 empty switch.

3.2.12. Executing OPT_EXPR pass (perform const folding).
Optimizing module accumulator_4bit.
<suppressed ~1 debug messages>

3.3. Executing OPT_EXPR pass (perform const folding).
Optimizing module accumulator_4bit.

3.4. Executing OPT_CLEAN pass (remove unused cells and wires).
Finding unused cells or wires in module \accumulator_4bit..
Removed 1 unused cells and 3 unused wires.
<suppressed ~2 debug messages>

3.5. Executing CHECK pass (checking for obvious problems).
Checking module accumulator_4bit...
Found and reported 0 problems.

3.6. Executing OPT pass (performing simple optimizations).

3.6.1. Executing OPT_EXPR pass (perform const folding).
Optimizing module accumulator_4bit.

3.6.2. Executing OPT_MERGE pass (detect identical cells).
Finding identical cells in module `\accumulator_4bit'.
Removed a total of 0 cells.

3.6.3. Executing OPT_MUXTREE pass (detect dead branches in mux trees).
Running muxtree optimizer on module \accumulator_4bit..
  Creating internal representation of mux trees.
  Evaluating internal representation of mux trees.
  Analyzing evaluation results.
Removed 0 multiplexer ports.
<suppressed ~2 debug messages>

3.6.4. Executing OPT_REDUCE pass (consolidate $*mux and $reduce_* inputs).
  Optimizing cells in module \accumulator_4bit.
Performed a total of 0 changes.

3.6.5. Executing OPT_MERGE pass (detect identical cells).
Finding identical cells in module `\accumulator_4bit'.
Removed a total of 0 cells.

3.6.6. Executing OPT_DFF pass (perform DFF optimizations).

3.6.7. Executing OPT_CLEAN pass (remove unused cells and wires).
Finding unused cells or wires in module \accumulator_4bit..

3.6.8. Executing OPT_EXPR pass (perform const folding).
Optimizing module accumulator_4bit.

3.6.9. Finished fast OPT passes. (There is nothing left to do.)

3.7. Executing FSM pass (extract and optimize FSM).

3.7.1. Executing FSM_DETECT pass (finding FSMs in design).

3.7.2. Executing FSM_EXTRACT pass (extracting FSM from design).

3.7.3. Executing FSM_OPT pass (simple optimizations of FSMs).

3.7.4. Executing OPT_CLEAN pass (remove unused cells and wires).
Finding unused cells or wires in module \accumulator_4bit..

3.7.5. Executing FSM_OPT pass (simple optimizations of FSMs).

3.7.6. Executing FSM_RECODE pass (re-assigning FSM state encoding).

3.7.7. Executing FSM_INFO pass (dumping all available information on FSM cells).

3.7.8. Executing FSM_MAP pass (mapping FSMs to basic logic).

3.8. Executing OPT pass (performing simple optimizations).

3.8.1. Executing OPT_EXPR pass (perform const folding).
Optimizing module accumulator_4bit.

3.8.2. Executing OPT_MERGE pass (detect identical cells).
Finding identical cells in module `\accumulator_4bit'.
Removed a total of 0 cells.

3.8.3. Executing OPT_MUXTREE pass (detect dead branches in mux trees).
Running muxtree optimizer on module \accumulator_4bit..
  Creating internal representation of mux trees.
  Evaluating internal representation of mux trees.
  Analyzing evaluation results.
Removed 0 multiplexer ports.
<suppressed ~2 debug messages>

3.8.4. Executing OPT_REDUCE pass (consolidate $*mux and $reduce_* inputs).
  Optimizing cells in module \accumulator_4bit.
Performed a total of 0 changes.

3.8.5. Executing OPT_MERGE pass (detect identical cells).
Finding identical cells in module `\accumulator_4bit'.
Removed a total of 0 cells.

3.8.6. Executing OPT_DFF pass (perform DFF optimizations).
Adding SRST signal on $procdff$7 ($dff) from module accumulator_4bit (D = $add$/home/dayesong/ETRI-0.5um-CMOS-MPW-Std-Cell-DK/lab8/source/Accumulator_4bit.v:11$3_Y, Q = \out, rval = 4'0000).

3.8.7. Executing OPT_CLEAN pass (remove unused cells and wires).
Finding unused cells or wires in module \accumulator_4bit..
Removed 1 unused cells and 1 unused wires.
<suppressed ~2 debug messages>

3.8.8. Executing OPT_EXPR pass (perform const folding).
Optimizing module accumulator_4bit.

3.8.9. Rerunning OPT passes. (Maybe there is more to do..)

3.8.10. Executing OPT_MUXTREE pass (detect dead branches in mux trees).
Running muxtree optimizer on module \accumulator_4bit..
  Creating internal representation of mux trees.
  No muxes found in this module.
Removed 0 multiplexer ports.

3.8.11. Executing OPT_REDUCE pass (consolidate $*mux and $reduce_* inputs).
  Optimizing cells in module \accumulator_4bit.
Performed a total of 0 changes.

3.8.12. Executing OPT_MERGE pass (detect identical cells).
Finding identical cells in module `\accumulator_4bit'.
Removed a total of 0 cells.

3.8.13. Executing OPT_DFF pass (perform DFF optimizations).

3.8.14. Executing OPT_CLEAN pass (remove unused cells and wires).
Finding unused cells or wires in module \accumulator_4bit..

3.8.15. Executing OPT_EXPR pass (perform const folding).
Optimizing module accumulator_4bit.

3.8.16. Finished fast OPT passes. (There is nothing left to do.)

3.9. Executing WREDUCE pass (reducing word size of cells).

3.10. Executing PEEPOPT pass (run peephole optimizers).

3.11. Executing OPT_CLEAN pass (remove unused cells and wires).
Finding unused cells or wires in module \accumulator_4bit..

3.12. Executing ALUMACC pass (create $alu and $macc cells).
Extracting $alu and $macc cells in module accumulator_4bit:
  creating $macc model for $add$/home/dayesong/ETRI-0.5um-CMOS-MPW-Std-Cell-DK/lab8/source/Accumulator_4bit.v:11$3 ($add).
  creating $alu model for $macc $add$/home/dayesong/ETRI-0.5um-CMOS-MPW-Std-Cell-DK/lab8/source/Accumulator_4bit.v:11$3.
  creating $alu cell for $add$/home/dayesong/ETRI-0.5um-CMOS-MPW-Std-Cell-DK/lab8/source/Accumulator_4bit.v:11$3: $auto$alumacc.cc:512:replace_alu$9
  created 1 $alu and 0 $macc cells.

3.13. Executing SHARE pass (SAT-based resource sharing).

3.14. Executing OPT pass (performing simple optimizations).

3.14.1. Executing OPT_EXPR pass (perform const folding).
Optimizing module accumulator_4bit.

3.14.2. Executing OPT_MERGE pass (detect identical cells).
Finding identical cells in module `\accumulator_4bit'.
Removed a total of 0 cells.

3.14.3. Executing OPT_MUXTREE pass (detect dead branches in mux trees).
Running muxtree optimizer on module \accumulator_4bit..
  Creating internal representation of mux trees.
  No muxes found in this module.
Removed 0 multiplexer ports.

3.14.4. Executing OPT_REDUCE pass (consolidate $*mux and $reduce_* inputs).
  Optimizing cells in module \accumulator_4bit.
Performed a total of 0 changes.

3.14.5. Executing OPT_MERGE pass (detect identical cells).
Finding identical cells in module `\accumulator_4bit'.
Removed a total of 0 cells.

3.14.6. Executing OPT_DFF pass (perform DFF optimizations).

3.14.7. Executing OPT_CLEAN pass (remove unused cells and wires).
Finding unused cells or wires in module \accumulator_4bit..

3.14.8. Executing OPT_EXPR pass (perform const folding).
Optimizing module accumulator_4bit.

3.14.9. Finished fast OPT passes. (There is nothing left to do.)

3.15. Executing MEMORY pass.

3.15.1. Executing OPT_MEM pass (optimize memories).
Performed a total of 0 transformations.

3.15.2. Executing OPT_MEM_PRIORITY pass (removing unnecessary memory write priority relations).
Performed a total of 0 transformations.

3.15.3. Executing OPT_MEM_FEEDBACK pass (finding memory read-to-write feedback paths).

3.15.4. Executing MEMORY_BMUX2ROM pass (converting muxes to ROMs).

3.15.5. Executing MEMORY_DFF pass (merging $dff cells to $memrd).

3.15.6. Executing OPT_CLEAN pass (remove unused cells and wires).
Finding unused cells or wires in module \accumulator_4bit..

3.15.7. Executing MEMORY_SHARE pass (consolidating $memrd/$memwr cells).

3.15.8. Executing OPT_MEM_WIDEN pass (optimize memories where all ports are wide).
Performed a total of 0 transformations.

3.15.9. Executing OPT_CLEAN pass (remove unused cells and wires).
Finding unused cells or wires in module \accumulator_4bit..

3.15.10. Executing MEMORY_COLLECT pass (generating $mem cells).

3.16. Executing OPT_CLEAN pass (remove unused cells and wires).
Finding unused cells or wires in module \accumulator_4bit..

3.17. Executing OPT pass (performing simple optimizations).

3.17.1. Executing OPT_EXPR pass (perform const folding).
Optimizing module accumulator_4bit.

3.17.2. Executing OPT_MERGE pass (detect identical cells).
Finding identical cells in module `\accumulator_4bit'.
Removed a total of 0 cells.

3.17.3. Executing OPT_DFF pass (perform DFF optimizations).

3.17.4. Executing OPT_CLEAN pass (remove unused cells and wires).
Finding unused cells or wires in module \accumulator_4bit..

3.17.5. Finished fast OPT passes.

3.18. Executing MEMORY_MAP pass (converting memories to logic and flip-flops).

3.19. Executing OPT pass (performing simple optimizations).

3.19.1. Executing OPT_EXPR pass (perform const folding).
Optimizing module accumulator_4bit.

3.19.2. Executing OPT_MERGE pass (detect identical cells).
Finding identical cells in module `\accumulator_4bit'.
Removed a total of 0 cells.

3.19.3. Executing OPT_MUXTREE pass (detect dead branches in mux trees).
Running muxtree optimizer on module \accumulator_4bit..
  Creating internal representation of mux trees.
  No muxes found in this module.
Removed 0 multiplexer ports.

3.19.4. Executing OPT_REDUCE pass (consolidate $*mux and $reduce_* inputs).
  Optimizing cells in module \accumulator_4bit.
Performed a total of 0 changes.

3.19.5. Executing OPT_MERGE pass (detect identical cells).
Finding identical cells in module `\accumulator_4bit'.
Removed a total of 0 cells.

3.19.6. Executing OPT_SHARE pass.

3.19.7. Executing OPT_DFF pass (perform DFF optimizations).

3.19.8. Executing OPT_CLEAN pass (remove unused cells and wires).
Finding unused cells or wires in module \accumulator_4bit..

3.19.9. Executing OPT_EXPR pass (perform const folding).
Optimizing module accumulator_4bit.

3.19.10. Finished fast OPT passes. (There is nothing left to do.)

3.20. Executing TECHMAP pass (map to technology primitives).

3.20.1. Executing Verilog-2005 frontend: /usr/local/bin/../share/yosys/techmap.v
Parsing Verilog input from `/usr/local/bin/../share/yosys/techmap.v' to AST representation.
verilog frontend filename /usr/local/bin/../share/yosys/techmap.v
Generating RTLIL representation for module `\_90_simplemap_bool_ops'.
Generating RTLIL representation for module `\_90_simplemap_reduce_ops'.
Generating RTLIL representation for module `\_90_simplemap_logic_ops'.
Generating RTLIL representation for module `\_90_simplemap_compare_ops'.
Generating RTLIL representation for module `\_90_simplemap_various'.
Generating RTLIL representation for module `\_90_simplemap_registers'.
Generating RTLIL representation for module `\_90_shift_ops_shr_shl_sshl_sshr'.
Generating RTLIL representation for module `\_90_shift_shiftx'.
Generating RTLIL representation for module `\_90_fa'.
Generating RTLIL representation for module `\_90_lcu_brent_kung'.
Generating RTLIL representation for module `\_90_alu'.
Generating RTLIL representation for module `\_90_macc'.
Generating RTLIL representation for module `\_90_alumacc'.
Generating RTLIL representation for module `\$__div_mod_u'.
Generating RTLIL representation for module `\$__div_mod_trunc'.
Generating RTLIL representation for module `\_90_div'.
Generating RTLIL representation for module `\_90_mod'.
Generating RTLIL representation for module `\$__div_mod_floor'.
Generating RTLIL representation for module `\_90_divfloor'.
Generating RTLIL representation for module `\_90_modfloor'.
Generating RTLIL representation for module `\_90_pow'.
Generating RTLIL representation for module `\_90_pmux'.
Generating RTLIL representation for module `\_90_demux'.
Generating RTLIL representation for module `\_90_lut'.
Generating RTLIL representation for module `\$connect'.
Generating RTLIL representation for module `\$input_port'.
Successfully finished Verilog frontend.

3.20.2. Continuing TECHMAP pass.
Using template $paramod$740b056ede97228d3eae64ea2fdc81f0a33e0fe7\_90_alu for cells of type $alu.
Using extmapper simplemap for cells of type $sdff.
Using extmapper simplemap for cells of type $xor.
Using template $paramod\_90_fa\WIDTH=32'00000000000000000000000000000100 for cells of type $fa.
Using template $paramod\_90_lcu_brent_kung\WIDTH=32'00000000000000000000000000000100 for cells of type $lcu.
Using extmapper simplemap for cells of type $pos.
Using extmapper simplemap for cells of type $mux.
Using extmapper simplemap for cells of type $not.
Using extmapper simplemap for cells of type $or.
Using extmapper simplemap for cells of type $and.
No more expansions possible.
<suppressed ~241 debug messages>

3.21. Executing OPT pass (performing simple optimizations).

3.21.1. Executing OPT_EXPR pass (perform const folding).
Optimizing module accumulator_4bit.
<suppressed ~20 debug messages>

3.21.2. Executing OPT_MERGE pass (detect identical cells).
Finding identical cells in module `\accumulator_4bit'.
Removed a total of 0 cells.

3.21.3. Executing OPT_DFF pass (perform DFF optimizations).

3.21.4. Executing OPT_CLEAN pass (remove unused cells and wires).
Finding unused cells or wires in module \accumulator_4bit..
Removed 10 unused cells and 43 unused wires.
<suppressed ~11 debug messages>

3.21.5. Finished fast OPT passes.

3.22. Executing ABC pass (technology mapping using ABC).

3.22.1. Extracting gate netlist of module `\accumulator_4bit' to `<abc-temp-dir>/input.blif'..

3.22.1.1. Executed ABC.
Extracted 14 gates and 22 wires to a netlist network with 8 inputs and 4 outputs.
Running ABC script: <abc-temp-dir>/abc.script
ABC: UC Berkeley, ABC 1.01 (compiled Nov 12 2025 15:07:20)
ABC: abc 01> empty
ABC: abc 01> source <abc-temp-dir>/abc.script
ABC: + read_blif <abc-temp-dir>/input.blif 
ABC: + read_library /tmp/yosys-abc-u3wlLH/stdcells.genlib 
ABC: + strash 
ABC: + dretime 
ABC: + map 
ABC: + write_blif <abc-temp-dir>/output.blif 

3.22.1.2. Re-integrating ABC results.
ABC RESULTS:            ANDNOT cells:        4
ABC RESULTS:              NAND cells:        3
ABC RESULTS:              XNOR cells:        3
ABC RESULTS:               XOR cells:        4
ABC RESULTS:        internal signals:       10
ABC RESULTS:           input signals:        8
ABC RESULTS:          output signals:        4
Removing temp directory.
Removing global temp directory.

3.23. Executing OPT pass (performing simple optimizations).

3.23.1. Executing OPT_EXPR pass (perform const folding).
Optimizing module accumulator_4bit.

3.23.2. Executing OPT_MERGE pass (detect identical cells).
Finding identical cells in module `\accumulator_4bit'.
Removed a total of 0 cells.

3.23.3. Executing OPT_DFF pass (perform DFF optimizations).

3.23.4. Executing OPT_CLEAN pass (remove unused cells and wires).
Finding unused cells or wires in module \accumulator_4bit..
Removed 0 unused cells and 16 unused wires.
<suppressed ~1 debug messages>

3.23.5. Finished fast OPT passes.

3.24. Executing HIERARCHY pass (managing design hierarchy).
Attribute `top' found on module `accumulator_4bit'. Setting top module to accumulator_4bit.

3.24.1. Analyzing design hierarchy..
Top module:  \accumulator_4bit

3.24.2. Analyzing design hierarchy..
Top module:  \accumulator_4bit
Removed 0 unused modules.

3.25. Printing statistics.

=== accumulator_4bit ===

        +----------Local Count, excluding submodules.
        | 
       16 wires
       28 wire bits
        4 public wires
       10 public wire bits
        4 ports
       10 port bits
       18 cells
        4   $_ANDNOT_
        3   $_NAND_
        4   $_SDFF_PN0_
        3   $_XNOR_
        4   $_XOR_

3.26. Executing CHECK pass (checking for obvious problems).
Checking module accumulator_4bit...
Found and reported 0 problems.

4. Executing DFFLIBMAP pass (mapping DFF cells to sequential cells from liberty file).
  cell DFFNEGX1 (noninv, pins=3, area=864.00) is a direct match for cell type $_DFF_N_.
  cell DFFPOSX1 (noninv, pins=3, area=864.00) is a direct match for cell type $_DFF_P_.
  cell DFFSR (noninv, pins=5, area=1584.00) is a direct match for cell type $_DFFSR_PNN_.
  final dff cell mappings:
    \DFFNEGX1 _DFF_N_ (.CLK( C), .D( D), .Q( Q));
    \DFFPOSX1 _DFF_P_ (.CLK( C), .D( D), .Q( Q));
    unmapped dff cell: $_DFF_NN0_
    unmapped dff cell: $_DFF_NN1_
    unmapped dff cell: $_DFF_NP0_
    unmapped dff cell: $_DFF_NP1_
    unmapped dff cell: $_DFF_PN0_
    unmapped dff cell: $_DFF_PN1_
    unmapped dff cell: $_DFF_PP0_
    unmapped dff cell: $_DFF_PP1_
    unmapped dff cell: $_DFFE_NN_
    unmapped dff cell: $_DFFE_NP_
    unmapped dff cell: $_DFFE_PN_
    unmapped dff cell: $_DFFE_PP_
    unmapped dff cell: $_DFFSR_NNN_
    unmapped dff cell: $_DFFSR_NNP_
    unmapped dff cell: $_DFFSR_NPN_
    unmapped dff cell: $_DFFSR_NPP_
    \DFFSR _DFFSR_PNN_ (.CLK( C), .D( D), .Q( Q), .R( R), .S( S));
    unmapped dff cell: $_DFFSR_PNP_
    unmapped dff cell: $_DFFSR_PPN_
    unmapped dff cell: $_DFFSR_PPP_

4.1. Executing DFFLEGALIZE pass (convert FFs to types supported by the target).
Mapping DFF cells in module `\accumulator_4bit':
  mapped 4 $_DFF_P_ cells to \DFFPOSX1 cells.

5. Executing OPT pass (performing simple optimizations).

5.1. Executing OPT_EXPR pass (perform const folding).
Optimizing module accumulator_4bit.

5.2. Executing OPT_MERGE pass (detect identical cells).
Finding identical cells in module `\accumulator_4bit'.
Removed a total of 0 cells.

5.3. Executing OPT_MUXTREE pass (detect dead branches in mux trees).
Running muxtree optimizer on module \accumulator_4bit..
  Creating internal representation of mux trees.
  No muxes found in this module.
Removed 0 multiplexer ports.

5.4. Executing OPT_REDUCE pass (consolidate $*mux and $reduce_* inputs).
  Optimizing cells in module \accumulator_4bit.
Performed a total of 0 changes.

5.5. Executing OPT_MERGE pass (detect identical cells).
Finding identical cells in module `\accumulator_4bit'.
Removed a total of 0 cells.

5.6. Executing OPT_DFF pass (perform DFF optimizations).

5.7. Executing OPT_CLEAN pass (remove unused cells and wires).
Finding unused cells or wires in module \accumulator_4bit..

5.8. Executing OPT_EXPR pass (perform const folding).
Optimizing module accumulator_4bit.

5.9. Finished fast OPT passes. (There is nothing left to do.)

6. Executing ABC pass (technology mapping using ABC).

6.1. Extracting gate netlist of module `\accumulator_4bit' to `<abc-temp-dir>/input.blif'..

6.1.1. Executed ABC.
Extracted 18 gates and 28 wires to a netlist network with 9 inputs and 4 outputs.
Running ABC script: <abc-temp-dir>/abc.script
ABC: UC Berkeley, ABC 1.01 (compiled Nov 12 2025 15:07:20)
ABC: abc 01> empty
ABC: abc 01> source <abc-temp-dir>/abc.script
ABC: + read_blif <abc-temp-dir>/input.blif 
ABC: + read_lib -w /usr/local/share/qflow/tech/etri050/etri05_stdcells.lib 
ABC: Parsing finished successfully.  Parsing time =     0.00 sec
ABC: Scl_LibertyReadGenlib() skipped sequential cell "DFFNEGX1".
ABC: Scl_LibertyReadGenlib() skipped sequential cell "DFFPOSX1".
ABC: Scl_LibertyReadGenlib() skipped sequential cell "DFFSR".
ABC: Scl_LibertyReadGenlib() skipped cell "FAX1" due to dont_use attribute.
ABC: Scl_LibertyReadGenlib() skipped cell "HAX1" due to dont_use attribute.
ABC: Scl_LibertyReadGenlib() skipped sequential cell "LATCH".
ABC: Scl_LibertyReadGenlib() skipped three-state cell "PADINOUT".
ABC: Scl_LibertyReadGenlib() skipped cell "TBUFX1" due to dont_use attribute.
ABC: Scl_LibertyReadGenlib() skipped cell "TBUFX2" due to dont_use attribute.
ABC: Scl_LibertyReadGenlib() skipped cell "XNOR2X1" due to dont_use attribute.
ABC: Scl_LibertyReadGenlib() skipped cell "XOR2X1" due to dont_use attribute.
ABC: Scl_LibertyReadGenlib() skipped cell "PADFC" without logic function.
ABC: Scl_LibertyReadGenlib() skipped cell "PADNC" without logic function.
ABC: Scl_LibertyReadGenlib() skipped cell "PADVDD" without logic function.
ABC: Scl_LibertyReadGenlib() skipped cell "PADGND" without logic function.
ABC: Library "etri05_stdcells" from "/usr/local/share/qflow/tech/etri050/etri05_stdcells.lib" has 24 cells (15 skipped: 4 seq; 1 tri-state; 4 no func; 6 dont_use; 0 with 2 outputs; 0 with 3+ outputs).  Time =     0.00 sec
ABC: Memory =    0.51 MB. Time =     0.00 sec
ABC: + strash 
ABC: + scorr 
ABC: Warning: The network is combinational (run "fraig" or "fraig_sweep").
ABC: + ifraig 
ABC: + retime 
ABC: + strash 
ABC: + dch -f 
ABC: + map -M 1 
ABC: + write_blif <abc-temp-dir>/output.blif 

6.1.2. Re-integrating ABC results.
ABC RESULTS:           AOI21X1 cells:        4
ABC RESULTS:             INVX1 cells:        5
ABC RESULTS:           NAND2X1 cells:        4
ABC RESULTS:            NOR2X1 cells:        6
ABC RESULTS:           OAI21X1 cells:        5
ABC RESULTS:             OR2X2 cells:        1
ABC RESULTS:        internal signals:       15
ABC RESULTS:           input signals:        9
ABC RESULTS:          output signals:        4
Removing temp directory.
Removing global temp directory.

7. Executing FLATTEN pass (flatten design).

8. Executing SETUNDEF pass (replace undef values with defined constants).
Removed 0 unused cells and 25 unused wires.

9. Executing IOPADMAP pass (mapping inputs/outputs to IO-PAD cells).
Don't map input port accumulator_4bit.clk: Missing option -inpad.
Don't map input port accumulator_4bit.in: Missing option -inpad.
Mapping port accumulator_4bit.out using BUFX2.
Don't map input port accumulator_4bit.rst_n: Missing option -inpad.

10. Executing OPT pass (performing simple optimizations).

10.1. Executing OPT_EXPR pass (perform const folding).
Optimizing module accumulator_4bit.

10.2. Executing OPT_MERGE pass (detect identical cells).
Finding identical cells in module `\accumulator_4bit'.
Removed a total of 0 cells.

10.3. Executing OPT_MUXTREE pass (detect dead branches in mux trees).
Running muxtree optimizer on module \accumulator_4bit..
  Creating internal representation of mux trees.
  No muxes found in this module.
Removed 0 multiplexer ports.

10.4. Executing OPT_REDUCE pass (consolidate $*mux and $reduce_* inputs).
  Optimizing cells in module \accumulator_4bit.
Performed a total of 0 changes.

10.5. Executing OPT_MERGE pass (detect identical cells).
Finding identical cells in module `\accumulator_4bit'.
Removed a total of 0 cells.

10.6. Executing OPT_DFF pass (perform DFF optimizations).

10.7. Executing OPT_CLEAN pass (remove unused cells and wires).
Finding unused cells or wires in module \accumulator_4bit..

10.8. Executing OPT_EXPR pass (perform const folding).
Optimizing module accumulator_4bit.

10.9. Finished fast OPT passes. (There is nothing left to do.)

11. Executing Verilog backend.

11.1. Executing BMUXMAP pass.

11.2. Executing DEMUXMAP pass.
Dumping module `\accumulator_4bit'.

12. Printing statistics.

=== accumulator_4bit ===

        +----------Local Count, excluding submodules.
        | 
       30 wires
       39 wire bits
       30 public wires
       39 public wire bits
        4 ports
       10 port bits
       33 cells
        4   AOI21X1
        4   BUFX2
        4   DFFPOSX1
        5   INVX1
        4   NAND2X1
        6   NOR2X1
        5   OAI21X1
        1   OR2X2

End of script. Logfile hash: 6b392eb898, CPU: user 0.04s system 0.01s, MEM: 18.50 MB peak
Yosys 0.59+9 (git sha1 5f76729cb, clang++ 14.0.0-1ubuntu1.1 -fPIC -O3)
Time spent: 61% 2x abc (0 sec), 8% 20x opt_expr (0 sec), ...
Running getpowerground to determine power and ground net names.
getpowerground.tcl  /usr/local/share/qflow/tech/etri050/etri050_stdcells.lef
Running vlogFanout
vlogFanout -l 300 -c 75 -I accumulator_4bit_nofanout -s nullstring -p /usr/local/share/qflow/tech/etri050/etri05_stdcells.lib -b BUFX2,CLKBUF1 -i A,A -o Y,Y accumulator_4bit_mapped.v accumulator_4bit_sized.v

vlogFanout for qflow 1.4.100
Parsing library "etri05_stdcells"
End of library at line 6613
Lib Read:  Processed 6615 lines.
Top internal fanout is 3 (load 430.246) from node _25_[1],
driven by DFFPOSX1 with strength 549.757 (fF driven at latency 300)
Top fanout load-to-strength ratio is 0.78971 (latency = 236.913 ps)
Top input node fanout is 4 (load 199.716) from node clk.
0 gates exceed specified minimum load.
0 buffers were added.
0 gates were changed.

Gate counts by drive strength:

	"1" gates	In: 28    	Out: 28    	+0
	"2" gates	In: 5    	Out: 5    	+0

Number of gates changed: 0
Running vlog2Verilog for antenna cell mapping.
vlog2Verilog -c -p -v vdd -g gnd  -l /usr/local/share/qflow/tech/etri050/etri050_stdcells.lef 
   -o accumulator_4bit.v accumulator_4bit_sized.v

Generating RTL verilog and SPICE netlist file in directory
	 /home/dayesong/ETRI-0.5um-CMOS-MPW-Std-Cell-DK/lab8/synthesis
Files:
   Verilog: /home/dayesong/ETRI-0.5um-CMOS-MPW-Std-Cell-DK/lab8/synthesis/accumulator_4bit.rtl.v
   Verilog: /home/dayesong/ETRI-0.5um-CMOS-MPW-Std-Cell-DK/lab8/synthesis/accumulator_4bit.rtlnopwr.v
   Verilog: /home/dayesong/ETRI-0.5um-CMOS-MPW-Std-Cell-DK/lab8/synthesis/accumulator_4bit.rtlbb.v
   Spice:   /home/dayesong/ETRI-0.5um-CMOS-MPW-Std-Cell-DK/lab8/synthesis/accumulator_4bit.spc

Running vlog2Verilog.
vlog2Verilog -c -v vdd -g gnd  -l /usr/local/share/qflow/tech/etri050/etri050_stdcells.lef 
	-o accumulator_4bit.rtl.v
   accumulator_4bit.v
vlog2Verilog -c -p -v vdd -g gnd  -l /usr/local/share/qflow/tech/etri050/etri050_stdcells.lef 
	-o accumulator_4bit.rtlnopwr.v
   accumulator_4bit.v
/usr/local/share/qflow/bin/vlog2Verilog -c -p -b -n -v vdd -g gnd  -l /usr/local/share/qflow/tech/etri050/etri050_stdcells.lef
   -o accumulator_4bit.rtlbb.v
Running vlog2Spice.
vlog2Spice -i -l  /usr/local/share/qflow/tech/etri050/etri050_stdcells.sp -o accumulator_4bit.spc accumulator_4bit.rtl.v
Running spi2xspice.py
spi2xspice.py "/usr/local/share/qflow/tech/etri050/etri05_stdcells.lib" accumulator_4bit.spc accumulator_4bit.xspice

Synthesis script ended on Tue Dec 16 14:48:48 KST 2025
