
Subcircuit summary:
Circuit 1: INVX1                           |Circuit 2: inv                             
-------------------------------------------|-------------------------------------------
nfet (1)                                   |nfet (1)                                   
pfet (1)                                   |pfet (1)                                   
Number of devices: 2                       |Number of devices: 2                       
Number of nets: 4                          |Number of nets: 4                          
---------------------------------------------------------------------------------------
Netlists match uniquely.

Subcircuit pins:
Circuit 1: INVX1                           |Circuit 2: inv                             
-------------------------------------------|-------------------------------------------
Y                                          |Y                                          
A                                          |A                                          
vdd                                        |vdd                                        
gnd                                        |gnd                                        
---------------------------------------------------------------------------------------
Cell pin lists are equivalent.
Device classes INVX1 and inv are equivalent.

Final result: Circuits match uniquely.
.
