Flattening unmatched subcell NANDm in circuit XNORm (0)(2 instances)
Flattening unmatched subcell NAND2X1 in circuit XNORm (0)(2 instances)
Flattening unmatched subcell NORm in circuit XNORm (0)(1 instance)
Flattening unmatched subcell NOR2X1 in circuit XNORm (0)(1 instance)
Flattening unmatched subcell INVm in circuit XNORm (0)(3 instances)
Flattening unmatched subcell INVX1 in circuit XNORm (0)(3 instances)
Flattening unmatched subcell nand in circuit XNOR (1)(2 instances)
Flattening unmatched subcell nor in circuit XNOR (1)(1 instance)
Flattening unmatched subcell inv in circuit XNOR (1)(3 instances)

Subcircuit summary:
Circuit 1: XNORm                           |Circuit 2: XNOR                            
-------------------------------------------|-------------------------------------------
nfet (9)                                   |nfet (9)                                   
pfet (9)                                   |pfet (9)                                   
Number of devices: 18                      |Number of devices: 18                      
Number of nets: 13                         |Number of nets: 13                         
---------------------------------------------------------------------------------------
Netlists match uniquely.

Subcircuit pins:
Circuit 1: XNORm                           |Circuit 2: XNOR                            
-------------------------------------------|-------------------------------------------
Y                                          |Y                                          
gnd                                        |gnd                                        
vdd                                        |vdd                                        
A                                          |A                                          
B                                          |B                                          
---------------------------------------------------------------------------------------
Cell pin lists are equivalent.
Device classes XNORm and XNOR are equivalent.

Final result: Circuits match uniquely.
.
